-------------------------------------------------------------------------------
Test set: com.springtest.chapter5.one.HomeControllerTest
-------------------------------------------------------------------------------
Tests run: 2, Failures: 1, Errors: 0, Skipped: 0, Time elapsed: 2.182 sec <<< FAILURE!
showRecentSpittles(com.springtest.chapter5.one.HomeControllerTest)  Time elapsed: 2.091 sec  <<< FAILURE!
java.lang.AssertionError: Model attribute 'spittleList'
Expected: (a collection containing <com.springtest.chapter5.one.Spittle@7cd1ac19> and a collection containing <com.springtest.chapter5.one.Spittle@2f40a43> and a collection containing <com.springtest.chapter5.one.Spittle@3caa4757> and a collection containing <com.springtest.chapter5.one.Spittle@69c43e48> and a collection containing <com.springtest.chapter5.one.Spittle@1804f60d> and a collection containing <com.springtest.chapter5.one.Spittle@3a80515c> and a collection containing <com.springtest.chapter5.one.Spittle@547e29a4> and a collection containing <com.springtest.chapter5.one.Spittle@1c807b1d> and a collection containing <com.springtest.chapter5.one.Spittle@238b521e> and a collection containing <com.springtest.chapter5.one.Spittle@1b39fd82> and a collection containing <com.springtest.chapter5.one.Spittle@3e2fc448> and a collection containing <com.springtest.chapter5.one.Spittle@21680803> and a collection containing <com.springtest.chapter5.one.Spittle@588ab592> and a collection containing <com.springtest.chapter5.one.Spittle@c8b96ec> and a collection containing <com.springtest.chapter5.one.Spittle@4cc61eb1> and a collection containing <com.springtest.chapter5.one.Spittle@2d8f2f3a> and a collection containing <com.springtest.chapter5.one.Spittle@2024293c> and a collection containing <com.springtest.chapter5.one.Spittle@7048f722> and a collection containing <com.springtest.chapter5.one.Spittle@c074c0c> and a collection containing <com.springtest.chapter5.one.Spittle@58a55449>)
     but: a collection containing <com.springtest.chapter5.one.Spittle@7cd1ac19> 
	at org.hamcrest.MatcherAssert.assertThat(MatcherAssert.java:20)
	at org.springframework.test.web.servlet.result.ModelResultMatchers.lambda$attribute$0(ModelResultMatchers.java:58)
	at org.springframework.test.web.servlet.MockMvc$1.andExpect(MockMvc.java:164)
	at com.springtest.chapter5.one.HomeControllerTest.showRecentSpittles(HomeControllerTest.java:44)
	at sun.reflect.NativeMethodAccessorImpl.invoke0(Native Method)
	at sun.reflect.NativeMethodAccessorImpl.invoke(NativeMethodAccessorImpl.java:62)
	at sun.reflect.DelegatingMethodAccessorImpl.invoke(DelegatingMethodAccessorImpl.java:43)
	at java.lang.reflect.Method.invoke(Method.java:498)
	at org.junit.runners.model.FrameworkMethod$1.runReflectiveCall(FrameworkMethod.java:50)
	at org.junit.internal.runners.model.ReflectiveCallable.run(ReflectiveCallable.java:12)
	at org.junit.runners.model.FrameworkMethod.invokeExplosively(FrameworkMethod.java:47)
	at org.junit.internal.runners.statements.InvokeMethod.evaluate(InvokeMethod.java:17)
	at org.junit.runners.ParentRunner.runLeaf(ParentRunner.java:325)
	at org.junit.runners.BlockJUnit4ClassRunner.runChild(BlockJUnit4ClassRunner.java:78)
	at org.junit.runners.BlockJUnit4ClassRunner.runChild(BlockJUnit4ClassRunner.java:57)
	at org.junit.runners.ParentRunner$3.run(ParentRunner.java:290)
	at org.junit.runners.ParentRunner$1.schedule(ParentRunner.java:71)
	at org.junit.runners.ParentRunner.runChildren(ParentRunner.java:288)
	at org.junit.runners.ParentRunner.access$000(ParentRunner.java:58)
	at org.junit.runners.ParentRunner$2.evaluate(ParentRunner.java:268)
	at org.junit.runners.ParentRunner.run(ParentRunner.java:363)
	at org.apache.maven.surefire.junit4.JUnit4Provider.execute(JUnit4Provider.java:252)
	at org.apache.maven.surefire.junit4.JUnit4Provider.executeTestSet(JUnit4Provider.java:141)
	at org.apache.maven.surefire.junit4.JUnit4Provider.invoke(JUnit4Provider.java:112)
	at sun.reflect.NativeMethodAccessorImpl.invoke0(Native Method)
	at sun.reflect.NativeMethodAccessorImpl.invoke(NativeMethodAccessorImpl.java:62)
	at sun.reflect.DelegatingMethodAccessorImpl.invoke(DelegatingMethodAccessorImpl.java:43)
	at java.lang.reflect.Method.invoke(Method.java:498)
	at org.apache.maven.surefire.util.ReflectionUtils.invokeMethodWithArray(ReflectionUtils.java:189)
	at org.apache.maven.surefire.booter.ProviderFactory$ProviderProxy.invoke(ProviderFactory.java:165)
	at org.apache.maven.surefire.booter.ProviderFactory.invokeProvider(ProviderFactory.java:85)
	at org.apache.maven.surefire.booter.ForkedBooter.runSuitesInProcess(ForkedBooter.java:115)
	at org.apache.maven.surefire.booter.ForkedBooter.main(ForkedBooter.java:75)

