<?xml version="1.0" encoding="UTF-8" ?>
<testsuite tests="2" failures="1" name="com.springtest.chapter5.one.HomeControllerTest" time="2.109" errors="0" skipped="0">
  <properties>
    <property name="java.runtime.name" value="Java(TM) SE Runtime Environment"/>
    <property name="sun.boot.library.path" value="C:\Program Files\Java\jdk1.8.0_144\jre\bin"/>
    <property name="java.vm.version" value="25.144-b01"/>
    <property name="java.vm.vendor" value="Oracle Corporation"/>
    <property name="maven.multiModuleProjectDirectory" value="C:\project\code\springtest\com.springtest"/>
    <property name="java.vendor.url" value="http://java.oracle.com/"/>
    <property name="path.separator" value=";"/>
    <property name="guice.disable.misplaced.annotation.check" value="true"/>
    <property name="java.vm.name" value="Java HotSpot(TM) 64-Bit Server VM"/>
    <property name="file.encoding.pkg" value="sun.io"/>
    <property name="user.script" value=""/>
    <property name="user.country" value="US"/>
    <property name="sun.java.launcher" value="SUN_STANDARD"/>
    <property name="sun.os.patch.level" value="Service Pack 1"/>
    <property name="java.vm.specification.name" value="Java Virtual Machine Specification"/>
    <property name="user.dir" value="C:\project\code\springtest\com.springtest"/>
    <property name="java.runtime.version" value="1.8.0_144-b01"/>
    <property name="java.awt.graphicsenv" value="sun.awt.Win32GraphicsEnvironment"/>
    <property name="java.endorsed.dirs" value="C:\Program Files\Java\jdk1.8.0_144\jre\lib\endorsed"/>
    <property name="os.arch" value="amd64"/>
    <property name="java.io.tmpdir" value="C:\Users\etaoazh\AppData\Local\Temp\"/>
    <property name="line.separator" value="
"/>
    <property name="java.vm.specification.vendor" value="Oracle Corporation"/>
    <property name="user.variant" value=""/>
    <property name="os.name" value="Windows 7"/>
    <property name="classworlds.conf" value="C:\project\code\.metadata\.plugins\org.eclipse.m2e.launching\launches\m2conf7657044983924370619.tmp"/>
    <property name="sun.jnu.encoding" value="GBK"/>
    <property name="java.library.path" value="C:\Program Files\Java\jdk1.8.0_144\bin;C:\WINDOWS\Sun\Java\bin;C:\WINDOWS\system32;C:\WINDOWS;C:/Program Files/Java/jdk1.8.0_144/bin/../jre/bin/server;C:/Program Files/Java/jdk1.8.0_144/bin/../jre/bin;C:/Program Files/Java/jdk1.8.0_144/bin/../jre/lib/amd64;C:\Program Files (x86)\Intel\iCLS Client\;C:\Program Files\Intel\iCLS Client\;C:\WINDOWS\system32;C:\WINDOWS;C:\WINDOWS\System32\Wbem;C:\WINDOWS\System32\WindowsPowerShell\v1.0\;C:\WINDOWS\system32;C:\WINDOWS;C:\WINDOWS\System32\Wbem;C:\Program Files (x86)\SQL11\DLL;C:\Program Files (x86)\SQL11\BIN;C:\Program Files (x86)\Intel\Intel(R) Management Engine Components\DAL;C:\Program Files\Intel\Intel(R) Management Engine Components\DAL;C:\Program Files (x86)\Intel\Intel(R) Management Engine Components\IPT;C:\Program Files\Intel\Intel(R) Management Engine Components\IPT;C:\Program Files (x86)\CheckPoint\Endpoint Security\Endpoint Common\bin;C:\Program Files (x86)\Git\cmd;C:\component\apache-maven-3.5.0\bin;C:\Program Files\TortoiseGit\bin;C:\Program Files\TortoiseSVN\bin;C:\Program Files\Java\jdk1.8.0_144\bin;C:\Program Files (x86)\IDM Computer Solutions\UltraEdit\;C:\WINDOWS\system32;;."/>
    <property name="java.specification.name" value="Java Platform API Specification"/>
    <property name="java.class.version" value="52.0"/>
    <property name="sun.management.compiler" value="HotSpot 64-Bit Tiered Compilers"/>
    <property name="os.version" value="6.1"/>
    <property name="library.jansi.path" value="C:\component\apache-maven-3.5.0\lib\jansi-native\windows64"/>
    <property name="user.home" value="C:\Users\etaoazh"/>
    <property name="user.timezone" value="Asia/Shanghai"/>
    <property name="java.awt.printerjob" value="sun.awt.windows.WPrinterJob"/>
    <property name="java.specification.version" value="1.8"/>
    <property name="file.encoding" value="UTF-8"/>
    <property name="user.name" value="etaoazh"/>
    <property name="java.class.path" value="C:\component\apache-maven-3.5.0\boot\plexus-classworlds-2.5.2.jar"/>
    <property name="java.vm.specification.version" value="1.8"/>
    <property name="sun.arch.data.model" value="64"/>
    <property name="java.home" value="C:\Program Files\Java\jdk1.8.0_144\jre"/>
    <property name="sun.java.command" value="org.codehaus.plexus.classworlds.launcher.Launcher -B -gs C:\component\apache-maven-3.5.0\conf\settings.xml -s C:\component\apache-maven-3.5.0\conf\settings.xml install"/>
    <property name="java.specification.vendor" value="Oracle Corporation"/>
    <property name="user.language" value="en"/>
    <property name="awt.toolkit" value="sun.awt.windows.WToolkit"/>
    <property name="java.vm.info" value="mixed mode"/>
    <property name="java.version" value="1.8.0_144"/>
    <property name="java.ext.dirs" value="C:\Program Files\Java\jdk1.8.0_144\jre\lib\ext;C:\WINDOWS\Sun\Java\lib\ext"/>
    <property name="sun.boot.class.path" value="C:\Program Files\Java\jdk1.8.0_144\jre\lib\resources.jar;C:\Program Files\Java\jdk1.8.0_144\jre\lib\rt.jar;C:\Program Files\Java\jdk1.8.0_144\jre\lib\sunrsasign.jar;C:\Program Files\Java\jdk1.8.0_144\jre\lib\jsse.jar;C:\Program Files\Java\jdk1.8.0_144\jre\lib\jce.jar;C:\Program Files\Java\jdk1.8.0_144\jre\lib\charsets.jar;C:\Program Files\Java\jdk1.8.0_144\jre\lib\jfr.jar;C:\Program Files\Java\jdk1.8.0_144\jre\classes"/>
    <property name="java.vendor" value="Oracle Corporation"/>
    <property name="maven.home" value="C:\component\apache-maven-3.5.0"/>
    <property name="file.separator" value="\"/>
    <property name="java.vendor.url.bug" value="http://bugreport.sun.com/bugreport/"/>
    <property name="sun.cpu.endian" value="little"/>
    <property name="sun.io.unicode.encoding" value="UnicodeLittle"/>
    <property name="sun.desktop" value="windows"/>
    <property name="sun.cpu.isalist" value="amd64"/>
  </properties>
  <testcase classname="com.springtest.chapter5.one.HomeControllerTest" name="showRecentSpittles" time="2.091">
    <failure message="Model attribute &apos;spittleList&apos;
Expected: (a collection containing &lt;com.springtest.chapter5.one.Spittle@7cd1ac19&gt; and a collection containing &lt;com.springtest.chapter5.one.Spittle@2f40a43&gt; and a collection containing &lt;com.springtest.chapter5.one.Spittle@3caa4757&gt; and a collection containing &lt;com.springtest.chapter5.one.Spittle@69c43e48&gt; and a collection containing &lt;com.springtest.chapter5.one.Spittle@1804f60d&gt; and a collection containing &lt;com.springtest.chapter5.one.Spittle@3a80515c&gt; and a collection containing &lt;com.springtest.chapter5.one.Spittle@547e29a4&gt; and a collection containing &lt;com.springtest.chapter5.one.Spittle@1c807b1d&gt; and a collection containing &lt;com.springtest.chapter5.one.Spittle@238b521e&gt; and a collection containing &lt;com.springtest.chapter5.one.Spittle@1b39fd82&gt; and a collection containing &lt;com.springtest.chapter5.one.Spittle@3e2fc448&gt; and a collection containing &lt;com.springtest.chapter5.one.Spittle@21680803&gt; and a collection containing &lt;com.springtest.chapter5.one.Spittle@588ab592&gt; and a collection containing &lt;com.springtest.chapter5.one.Spittle@c8b96ec&gt; and a collection containing &lt;com.springtest.chapter5.one.Spittle@4cc61eb1&gt; and a collection containing &lt;com.springtest.chapter5.one.Spittle@2d8f2f3a&gt; and a collection containing &lt;com.springtest.chapter5.one.Spittle@2024293c&gt; and a collection containing &lt;com.springtest.chapter5.one.Spittle@7048f722&gt; and a collection containing &lt;com.springtest.chapter5.one.Spittle@c074c0c&gt; and a collection containing &lt;com.springtest.chapter5.one.Spittle@58a55449&gt;)
     but: a collection containing &lt;com.springtest.chapter5.one.Spittle@7cd1ac19&gt; " type="java.lang.AssertionError">java.lang.AssertionError: Model attribute &apos;spittleList&apos;
Expected: (a collection containing &lt;com.springtest.chapter5.one.Spittle@7cd1ac19&gt; and a collection containing &lt;com.springtest.chapter5.one.Spittle@2f40a43&gt; and a collection containing &lt;com.springtest.chapter5.one.Spittle@3caa4757&gt; and a collection containing &lt;com.springtest.chapter5.one.Spittle@69c43e48&gt; and a collection containing &lt;com.springtest.chapter5.one.Spittle@1804f60d&gt; and a collection containing &lt;com.springtest.chapter5.one.Spittle@3a80515c&gt; and a collection containing &lt;com.springtest.chapter5.one.Spittle@547e29a4&gt; and a collection containing &lt;com.springtest.chapter5.one.Spittle@1c807b1d&gt; and a collection containing &lt;com.springtest.chapter5.one.Spittle@238b521e&gt; and a collection containing &lt;com.springtest.chapter5.one.Spittle@1b39fd82&gt; and a collection containing &lt;com.springtest.chapter5.one.Spittle@3e2fc448&gt; and a collection containing &lt;com.springtest.chapter5.one.Spittle@21680803&gt; and a collection containing &lt;com.springtest.chapter5.one.Spittle@588ab592&gt; and a collection containing &lt;com.springtest.chapter5.one.Spittle@c8b96ec&gt; and a collection containing &lt;com.springtest.chapter5.one.Spittle@4cc61eb1&gt; and a collection containing &lt;com.springtest.chapter5.one.Spittle@2d8f2f3a&gt; and a collection containing &lt;com.springtest.chapter5.one.Spittle@2024293c&gt; and a collection containing &lt;com.springtest.chapter5.one.Spittle@7048f722&gt; and a collection containing &lt;com.springtest.chapter5.one.Spittle@c074c0c&gt; and a collection containing &lt;com.springtest.chapter5.one.Spittle@58a55449&gt;)
     but: a collection containing &lt;com.springtest.chapter5.one.Spittle@7cd1ac19&gt; 
	at org.hamcrest.MatcherAssert.assertThat(MatcherAssert.java:20)
	at org.springframework.test.web.servlet.result.ModelResultMatchers.lambda$attribute$0(ModelResultMatchers.java:58)
	at org.springframework.test.web.servlet.MockMvc$1.andExpect(MockMvc.java:164)
	at com.springtest.chapter5.one.HomeControllerTest.showRecentSpittles(HomeControllerTest.java:44)
	at sun.reflect.NativeMethodAccessorImpl.invoke0(Native Method)
	at sun.reflect.NativeMethodAccessorImpl.invoke(NativeMethodAccessorImpl.java:62)
	at sun.reflect.DelegatingMethodAccessorImpl.invoke(DelegatingMethodAccessorImpl.java:43)
	at java.lang.reflect.Method.invoke(Method.java:498)
	at org.junit.runners.model.FrameworkMethod$1.runReflectiveCall(FrameworkMethod.java:50)
	at org.junit.internal.runners.model.ReflectiveCallable.run(ReflectiveCallable.java:12)
	at org.junit.runners.model.FrameworkMethod.invokeExplosively(FrameworkMethod.java:47)
	at org.junit.internal.runners.statements.InvokeMethod.evaluate(InvokeMethod.java:17)
	at org.junit.runners.ParentRunner.runLeaf(ParentRunner.java:325)
	at org.junit.runners.BlockJUnit4ClassRunner.runChild(BlockJUnit4ClassRunner.java:78)
	at org.junit.runners.BlockJUnit4ClassRunner.runChild(BlockJUnit4ClassRunner.java:57)
	at org.junit.runners.ParentRunner$3.run(ParentRunner.java:290)
	at org.junit.runners.ParentRunner$1.schedule(ParentRunner.java:71)
	at org.junit.runners.ParentRunner.runChildren(ParentRunner.java:288)
	at org.junit.runners.ParentRunner.access$000(ParentRunner.java:58)
	at org.junit.runners.ParentRunner$2.evaluate(ParentRunner.java:268)
	at org.junit.runners.ParentRunner.run(ParentRunner.java:363)
	at org.apache.maven.surefire.junit4.JUnit4Provider.execute(JUnit4Provider.java:252)
	at org.apache.maven.surefire.junit4.JUnit4Provider.executeTestSet(JUnit4Provider.java:141)
	at org.apache.maven.surefire.junit4.JUnit4Provider.invoke(JUnit4Provider.java:112)
	at sun.reflect.NativeMethodAccessorImpl.invoke0(Native Method)
	at sun.reflect.NativeMethodAccessorImpl.invoke(NativeMethodAccessorImpl.java:62)
	at sun.reflect.DelegatingMethodAccessorImpl.invoke(DelegatingMethodAccessorImpl.java:43)
	at java.lang.reflect.Method.invoke(Method.java:498)
	at org.apache.maven.surefire.util.ReflectionUtils.invokeMethodWithArray(ReflectionUtils.java:189)
	at org.apache.maven.surefire.booter.ProviderFactory$ProviderProxy.invoke(ProviderFactory.java:165)
	at org.apache.maven.surefire.booter.ProviderFactory.invokeProvider(ProviderFactory.java:85)
	at org.apache.maven.surefire.booter.ForkedBooter.runSuitesInProcess(ForkedBooter.java:115)
	at org.apache.maven.surefire.booter.ForkedBooter.main(ForkedBooter.java:75)
</failure>
  </testcase>
  <testcase classname="com.springtest.chapter5.one.HomeControllerTest" name="testHomePage" time="0.018"/>
</testsuite>