<?xml version="1.0" encoding="UTF-8" ?>
<testsuite tests="2" failures="1" name="com.springtest.chapter5.one.HomeControllerTest" time="2.109" errors="0" skipped="0">
  <properties>
[...]
</properties>
  <testcase classname="com.springtest.chapter5.one.HomeControllerTest" name="showRecentSpittles" time="2.091">
    <failure message="Model attribute &apos;spittleList&apos;
Expected: (a collection containing &lt;com.springtest.chapter5.one.Spittle@7cd1ac19&gt; and a collection containing &lt;com.springtest.chapter5.one.Spittle@2f40a43&gt; and a collection containing &lt;com.springtest.chapter5.one.Spittle@3caa4757&gt; and a collection containing &lt;com.springtest.chapter5.one.Spittle@69c43e48&gt; and a collection containing &lt;com.springtest.chapter5.one.Spittle@1804f60d&gt; and a collection containing &lt;com.springtest.chapter5.one.Spittle@3a80515c&gt; and a collection containing &lt;com.springtest.chapter5.one.Spittle@547e29a4&gt; and a collection containing &lt;com.springtest.chapter5.one.Spittle@1c807b1d&gt; and a collection containing &lt;com.springtest.chapter5.one.Spittle@238b521e&gt; and a collection containing &lt;com.springtest.chapter5.one.Spittle@1b39fd82&gt; and a collection containing &lt;com.springtest.chapter5.one.Spittle@3e2fc448&gt; and a collection containing &lt;com.springtest.chapter5.one.Spittle@21680803&gt; and a collection containing &lt;com.springtest.chapter5.one.Spittle@588ab592&gt; and a collection containing &lt;com.springtest.chapter5.one.Spittle@c8b96ec&gt; and a collection containing &lt;com.springtest.chapter5.one.Spittle@4cc61eb1&gt; and a collection containing &lt;com.springtest.chapter5.one.Spittle@2d8f2f3a&gt; and a collection containing &lt;com.springtest.chapter5.one.Spittle@2024293c&gt; and a collection containing &lt;com.springtest.chapter5.one.Spittle@7048f722&gt; and a collection containing &lt;com.springtest.chapter5.one.Spittle@c074c0c&gt; and a collection containing &lt;com.springtest.chapter5.one.Spittle@58a55449&gt;)
     but: a collection containing &lt;com.springtest.chapter5.one.Spittle@7cd1ac19&gt; " type="java.lang.AssertionError">java.lang.AssertionError: Model attribute &apos;spittleList&apos;
Expected: (a collection containing &lt;com.springtest.chapter5.one.Spittle@7cd1ac19&gt; and a collection containing &lt;com.springtest.chapter5.one.Spittle@2f40a43&gt; and a collection containing &lt;com.springtest.chapter5.one.Spittle@3caa4757&gt; and a collection containing &lt;com.springtest.chapter5.one.Spittle@69c43e48&gt; and a collection containing &lt;com.springtest.chapter5.one.Spittle@1804f60d&gt; and a collection containing &lt;com.springtest.chapter5.one.Spittle@3a80515c&gt; and a collection containing &lt;com.springtest.chapter5.one.Spittle@547e29a4&gt; and a collection containing &lt;com.springtest.chapter5.one.Spittle@1c807b1d&gt; and a collection containing &lt;com.springtest.chapter5.one.Spittle@238b521e&gt; and a collection containing &lt;com.springtest.chapter5.one.Spittle@1b39fd82&gt; and a collection containing &lt;com.springtest.chapter5.one.Spittle@3e2fc448&gt; and a collection containing &lt;com.springtest.chapter5.one.Spittle@21680803&gt; and a collection containing &lt;com.springtest.chapter5.one.Spittle@588ab592&gt; and a collection containing &lt;com.springtest.chapter5.one.Spittle@c8b96ec&gt; and a collection containing &lt;com.springtest.chapter5.one.Spittle@4cc61eb1&gt; and a collection containing &lt;com.springtest.chapter5.one.Spittle@2d8f2f3a&gt; and a collection containing &lt;com.springtest.chapter5.one.Spittle@2024293c&gt; and a collection containing &lt;com.springtest.chapter5.one.Spittle@7048f722&gt; and a collection containing &lt;com.springtest.chapter5.one.Spittle@c074c0c&gt; and a collection containing &lt;com.springtest.chapter5.one.Spittle@58a55449&gt;)
     but: a collection containing &lt;com.springtest.chapter5.one.Spittle@7cd1ac19&gt; 
	at org.hamcrest.MatcherAssert.assertThat(MatcherAssert.java:20)
	at org.springframework.test.web.servlet.result.ModelResultMatchers.lambda$attribute$0(ModelResultMatchers.java:58)
	at org.springframework.test.web.servlet.MockMvc$1.andExpect(MockMvc.java:164)
	at com.springtest.chapter5.one.HomeControllerTest.showRecentSpittles(HomeControllerTest.java:44)
	at sun.reflect.NativeMethodAccessorImpl.invoke0(Native Method)
	at sun.reflect.NativeMethodAccessorImpl.invoke(NativeMethodAccessorImpl.java:62)
	at sun.reflect.DelegatingMethodAccessorImpl.invoke(DelegatingMethodAccessorImpl.java:43)
	at java.lang.reflect.Method.invoke(Method.java:498)
	at org.junit.runners.model.FrameworkMethod$1.runReflectiveCall(FrameworkMethod.java:50)
	at org.junit.internal.runners.model.ReflectiveCallable.run(ReflectiveCallable.java:12)
	at org.junit.runners.model.FrameworkMethod.invokeExplosively(FrameworkMethod.java:47)
	at org.junit.internal.runners.statements.InvokeMethod.evaluate(InvokeMethod.java:17)
	at org.junit.runners.ParentRunner.runLeaf(ParentRunner.java:325)
	at org.junit.runners.BlockJUnit4ClassRunner.runChild(BlockJUnit4ClassRunner.java:78)
	at org.junit.runners.BlockJUnit4ClassRunner.runChild(BlockJUnit4ClassRunner.java:57)
	at org.junit.runners.ParentRunner$3.run(ParentRunner.java:290)
	at org.junit.runners.ParentRunner$1.schedule(ParentRunner.java:71)
	at org.junit.runners.ParentRunner.runChildren(ParentRunner.java:288)
	at org.junit.runners.ParentRunner.access$000(ParentRunner.java:58)
	at org.junit.runners.ParentRunner$2.evaluate(ParentRunner.java:268)
	at org.junit.runners.ParentRunner.run(ParentRunner.java:363)
	at org.apache.maven.surefire.junit4.JUnit4Provider.execute(JUnit4Provider.java:252)
	at org.apache.maven.surefire.junit4.JUnit4Provider.executeTestSet(JUnit4Provider.java:141)
	at org.apache.maven.surefire.junit4.JUnit4Provider.invoke(JUnit4Provider.java:112)
	at sun.reflect.NativeMethodAccessorImpl.invoke0(Native Method)
	at sun.reflect.NativeMethodAccessorImpl.invoke(NativeMethodAccessorImpl.java:62)
	at sun.reflect.DelegatingMethodAccessorImpl.invoke(DelegatingMethodAccessorImpl.java:43)
	at java.lang.reflect.Method.invoke(Method.java:498)
	at org.apache.maven.surefire.util.ReflectionUtils.invokeMethodWithArray(ReflectionUtils.java:189)
	at org.apache.maven.surefire.booter.ProviderFactory$ProviderProxy.invoke(ProviderFactory.java:165)
	at org.apache.maven.surefire.booter.ProviderFactory.invokeProvider(ProviderFactory.java:85)
	at org.apache.maven.surefire.booter.ForkedBooter.runSuitesInProcess(ForkedBooter.java:115)
	at org.apache.maven.surefire.booter.ForkedBooter.main(ForkedBooter.java:75)
</failure>
  </testcase>
  <testcase classname="com.springtest.chapter5.one.HomeControllerTest" name="testHomePage" time="0.018"/>
</testsuite>